<?xml version="1.0" encoding="UTF-8"?>
<testng-results skipped="0" failed="0" ignored="0" total="3" passed="3">
  <reporter-output>
  </reporter-output>
  <suite name="Suite" duration-ms="75633" started-at="2018-05-16T07:23:19Z" finished-at="2018-05-16T07:24:35Z">
    <groups>
      <group name="regression">
        <method signature="TestNg1.flightDetails()[pri:11, instance:testNg.TestNg1@34ce8af7]" name="flightDetails" class="testNg.TestNg1"/>
      </group> <!-- regression -->
      <group name="smoke">
        <method signature="TestNg1.login(java.lang.String, java.lang.String)[pri:10, instance:testNg.TestNg1@34ce8af7]" name="login" class="testNg.TestNg1"/>
      </group> <!-- smoke -->
    </groups>
    <test name="Test1" duration-ms="75633" started-at="2018-05-16T07:23:19Z" finished-at="2018-05-16T07:24:35Z">
      <class name="testNg.TestNg1">
        <test-method status="PASS" signature="beforeClass(java.lang.String)[pri:0, instance:testNg.TestNg1@34ce8af7]" name="beforeClass" is-config="true" duration-ms="9714" started-at="2018-05-16T12:53:19Z" finished-at="2018-05-16T12:53:29Z">
          <params>
            <param index="0">
              <value>
                <![CDATA[http://newtours.demoaut.com]]>
              </value>
            </param>
          </params>
          <reporter-output>
          </reporter-output>
        </test-method> <!-- beforeClass -->
        <test-method status="PASS" signature="login(java.lang.String, java.lang.String)[pri:10, instance:testNg.TestNg1@34ce8af7]" name="login" duration-ms="20181" started-at="2018-05-16T12:53:29Z" data-provider="getCredentials" finished-at="2018-05-16T12:53:49Z">
          <params>
            <param index="0">
              <value>
                <![CDATA[invalid]]>
              </value>
            </param>
            <param index="1">
              <value>
                <![CDATA[invalid]]>
              </value>
            </param>
          </params>
          <reporter-output>
          </reporter-output>
        </test-method> <!-- login -->
        <test-method status="PASS" signature="login(java.lang.String, java.lang.String)[pri:10, instance:testNg.TestNg1@34ce8af7]" name="login" duration-ms="43446" started-at="2018-05-16T12:53:49Z" data-provider="getCredentials" finished-at="2018-05-16T12:54:33Z">
          <params>
            <param index="0">
              <value>
                <![CDATA[mercury]]>
              </value>
            </param>
            <param index="1">
              <value>
                <![CDATA[mercury]]>
              </value>
            </param>
          </params>
          <reporter-output>
          </reporter-output>
        </test-method> <!-- login -->
        <test-method status="PASS" signature="flightDetails()[pri:11, instance:testNg.TestNg1@34ce8af7]" name="flightDetails" duration-ms="2208" started-at="2018-05-16T12:54:33Z" finished-at="2018-05-16T12:54:35Z">
          <reporter-output>
          </reporter-output>
        </test-method> <!-- flightDetails -->
        <test-method status="PASS" signature="afterClass()[pri:0, instance:testNg.TestNg1@34ce8af7]" name="afterClass" is-config="true" duration-ms="40" started-at="2018-05-16T12:54:35Z" finished-at="2018-05-16T12:54:35Z">
          <reporter-output>
          </reporter-output>
        </test-method> <!-- afterClass -->
      </class> <!-- testNg.TestNg1 -->
    </test> <!-- Test1 -->
  </suite> <!-- Suite -->
</testng-results>
