<?xml version="1.0" encoding="UTF-8"?>
<testng-results skipped="0" failed="0" ignored="0" total="1" passed="1">
  <reporter-output>
  </reporter-output>
  <suite name="Default suite" duration-ms="59" started-at="2018-05-17T07:43:25Z" finished-at="2018-05-17T07:43:25Z">
    <groups>
    </groups>
    <test name="Default test" duration-ms="59" started-at="2018-05-17T07:43:25Z" finished-at="2018-05-17T07:43:25Z">
      <class name="ValidationTest">
        <test-method status="PASS" signature="mobNoLength()[pri:0, instance:ValidationTest@402f32ff]" name="mobNoLength" duration-ms="20" started-at="2018-05-17T13:13:25Z" finished-at="2018-05-17T13:13:25Z">
          <reporter-output>
          </reporter-output>
        </test-method> <!-- mobNoLength -->
      </class> <!-- ValidationTest -->
    </test> <!-- Default test -->
  </suite> <!-- Default suite -->
</testng-results>
